<?xml version="1.0" encoding="UTF-8"?>
<!-- Generated by org.testng.reporters.JUnitReportReporter -->
<testsuite hostname="LAPTOP-0L228O83" failures="0" tests="1" name="TutorialNinja.Register.TC_RF_004" time="9.844" errors="0" timestamp="2024-11-16T15:09:16 IST" skipped="0">
  <testcase classname="TutorialNinja.Register.TC_RF_004" name="verifingWarningsCameWhenNoDatafills" time="9.844"/>
  <system-out/>
</testsuite> <!-- TutorialNinja.Register.TC_RF_004 -->
