<?xml version="1.0" encoding="UTF-8"?>
<!-- Generated by org.testng.reporters.JUnitReportReporter -->
<testsuite hostname="LAPTOP-0L228O83" failures="0" tests="1" name="TutorialNinja.Register.TC_RF_016" time="4.315" errors="0" timestamp="2024-11-29T16:12:45 IST" skipped="0">
  <testcase classname="TutorialNinja.Register.TC_RF_016" name="verifyingRegisterPageWithSpace" time="4.315"/>
  <system-out/>
</testsuite> <!-- TutorialNinja.Register.TC_RF_016 -->
