<?xml version="1.0" encoding="UTF-8"?>
<!-- Generated by org.testng.reporters.JUnitReportReporter -->
<testsuite hostname="LAPTOP-0L228O83" failures="0" tests="1" name="TutorialNinja.Register.TC_RF_008" time="11.375" errors="0" timestamp="2024-11-18T11:11:51 IST" skipped="0">
  <testcase classname="TutorialNinja.Register.TC_RF_008" name="verifingWarningGivesWhenEnterWrongPasswordInRegisterForm" time="11.375"/>
  <system-out/>
</testsuite> <!-- TutorialNinja.Register.TC_RF_008 -->
