<?xml version="1.0" encoding="UTF-8"?>
<!-- Generated by org.testng.reporters.JUnitReportReporter -->
<testsuite hostname="LAPTOP-0L228O83" failures="0" tests="1" name="TutorialNinja.Register.TC_RF_013" time="3.973" errors="0" timestamp="2024-11-29T15:35:09 IST" skipped="0">
  <testcase classname="TutorialNinja.Register.TC_RF_013" name="verifyingPlaceholdersInRegisterPage" time="3.973"/>
  <system-out/>
</testsuite> <!-- TutorialNinja.Register.TC_RF_013 -->
