<?xml version="1.0" encoding="UTF-8"?>
<!-- Generated by org.testng.reporters.JUnitReportReporter -->
<testsuite hostname="LAPTOP-0L228O83" failures="0" tests="1" name="TutorialNinja.Register.TC_RF_012" time="16.952" errors="0" timestamp="2024-11-29T12:39:05 IST" skipped="0">
  <testcase classname="TutorialNinja.Register.TC_RF_012" name="verifingRegisterByUsingKeyboard" time="16.952"/>
  <system-out/>
</testsuite> <!-- TutorialNinja.Register.TC_RF_012 -->
