<?xml version="1.0" encoding="UTF-8"?>
<!-- Generated by org.testng.reporters.JUnitReportReporter -->
<testsuite hostname="LAPTOP-0L228O83" failures="0" tests="1" name="TutorialNinja.Register.TC_RF_007" time="22.157" errors="0" timestamp="2024-11-16T16:48:37 IST" skipped="0">
  <testcase classname="TutorialNinja.Register.TC_RF_007" name="verifingNavigationWaysToRegisterPage" time="22.157"/>
  <system-out/>
</testsuite> <!-- TutorialNinja.Register.TC_RF_007 -->
