<?xml version="1.0" encoding="UTF-8"?>
<!-- Generated by org.testng.reporters.JUnitReportReporter -->
<testsuite hostname="LAPTOP-0L228O83" failures="0" tests="1" name="TutorialNinja.Register.TC_RF_010" time="10.053" errors="0" timestamp="2024-11-21T15:33:13 IST" skipped="0">
  <testcase classname="TutorialNinja.Register.TC_RF_010" name="verifingRegisterFieldIsWorkingWithInvalidmail" time="10.053"/>
  <system-out/>
</testsuite> <!-- TutorialNinja.Register.TC_RF_010 -->
