<?xml version="1.0" encoding="UTF-8"?>
<!-- Generated by org.testng.reporters.JUnitReportReporter -->
<testsuite hostname="LAPTOP-0L228O83" failures="0" tests="1" name="TutorialNinja.Register.TC_RF_003" time="18.234" errors="0" timestamp="2024-11-16T12:54:04 IST" skipped="0">
  <testcase classname="TutorialNinja.Register.TC_RF_003" name="verifyRegisterField" time="18.234"/>
  <system-out/>
</testsuite> <!-- TutorialNinja.Register.TC_RF_003 -->
